<?xml version="1.0" encoding="UTF-8"?>
<!-- Generated by org.testng.reporters.JUnitReportReporter -->
<testsuite hostname="Anas-MacBook-Pro-2.local" failures="0" tests="1" name="com.google.qa.NewTest" time="43.590" errors="0" timestamp="22 Jun 2023 04:32:54 GMT" skipped="0">
  <testcase classname="com.google.qa.NewTest" name="f" time="43.590"/>
</testsuite> <!-- com.google.qa.NewTest -->
